TACC: Starting up job 8418796
TACC: Setting up parallel environment for MVAPICH2+mpispawn.
TACC: Starting parallel tasks...
Hello world from processor c558-502.stampede.tacc.utexas.edu, rank 0 out of 4 processors
/work/03414/be4833/SpeciationProcess/TACC
Hello world from processor c558-504.stampede.tacc.utexas.edu, rank 2 out of 4 processors
Hello world from processor c558-503.stampede.tacc.utexas.edu, rank 1 out of 4 processors
Hello world from processor c558-601.stampede.tacc.utexas.edu, rank 3 out of 4 processors
/work/03414/be4833/SpeciationProcess/TACC
/work/03414/be4833/SpeciationProcess/TACC
/work/03414/be4833/SpeciationProcess/TACC
Bacteroides_vulgatus  There are  0  core genes and  0  doublons  4047.64285714  genes on average for 14  strains.  Ratio= 0.0  %
Piscirickettsia_salmonis  There are  0  core genes and  0  doublons  3344.36  genes on average for 25  strains.  Ratio= 0.0  %
Pantoea_ananatis  There are  0  core genes and  0  doublons  4402.81481481  genes on average for 27  strains.  Ratio= 0.0  %
Bartonella_bacilliformis  There are  0  core genes and  0  doublons  1182.5  genes on average for 16  strains.  Ratio= 0.0  %
Alteromonas_macleodii  There are  0  core genes and  0  doublons  4138.46153846  genes on average for 13  strains.  Ratio= 0.0  %
Shigella_dysenteriae  There are  0  core genes and  0  doublons  5012.75  genes on average for 16  strains.  Ratio= 0.0  %
Bifidobacterium_breve  There are  0  core genes and  9  doublons  1914.06  genes on average for 50  strains.  Ratio= 0.0  %
Paenibacillus_polymyxa  There are  0  core genes and  0  doublons  5077.72413793  genes on average for 29  strains.  Ratio= 0.0  %
Rhodococcus_fascians  There are  96  core genes and  11  doublons  5364.70833333  genes on average for 24  strains.  Ratio= 1.78947286665  %
Pasteurella_multocida  There are  0  core genes and  0  doublons  2154.02040816  genes on average for 98  strains.  Ratio= 0.0  %
Streptomyces_griseus  There are  465  core genes and  4  doublons  6794.19047619  genes on average for 21  strains.  Ratio= 6.84408247943  %
Enterococcus_cecorum  There are  0  core genes and  0  doublons  2272.5  genes on average for 12  strains.  Ratio= 0.0  %
Aeromonas_caviae  There are  0  core genes and  0  doublons  3976.35714286  genes on average for 14  strains.  Ratio= 0.0  %
Bacteroides_thetaiotaomicron  There are  0  core genes and  0  doublons  4880.35714286  genes on average for 14  strains.  Ratio= 0.0  %
Corynebacterium_jeikeium  There are  203  core genes and  21  doublons  2050.86363636  genes on average for 22  strains.  Ratio= 9.89826902192  %
Prochlorococcus_marinus  There are  99  core genes and  17  doublons  1939.93333333  genes on average for 45  strains.  Ratio= 5.10326815354  %
Paeniclostridium_sordellii  There are  0  core genes and  0  doublons  3423.73333333  genes on average for 45  strains.  Ratio= 0.0  %
Pseudoalteromonas_luteoviolacea  There are  369  core genes and  10  doublons  4888.94736842  genes on average for 19  strains.  Ratio= 7.54763698999  %
Pectobacterium_carotovorum  There are  0  core genes and  0  doublons  4270.34090909  genes on average for 44  strains.  Ratio= 0.0  %
