TACC: Starting up job 8416304
TACC: Setting up parallel environment for MVAPICH2+mpispawn.
TACC: Starting parallel tasks...
Hello world from processor c557-204.stampede.tacc.utexas.edu, rank 0 out of 4 processors
/work/03414/be4833/SpeciationProcess/TACC
Hello world from processor c558-701.stampede.tacc.utexas.edu, rank 3 out of 4 processors
Hello world from processor c558-603.stampede.tacc.utexas.edu, rank 1 out of 4 processors
Hello world from processor c558-604.stampede.tacc.utexas.edu, rank 2 out of 4 processors
/work/03414/be4833/SpeciationProcess/TACC
/work/03414/be4833/SpeciationProcess/TACC
/work/03414/be4833/SpeciationProcess/TACC
0
16
['python_shell_task.py', '0', '4']
hello World
about to run launch_mcl.py with 0 4
0
0
16
['python_shell_task.py', '1', '4']
hello World
about to run launch_mcl.py with 1 4
16
['python_shell_task.py', '2', '4']
hello World
about to run launch_mcl.py with 2 4
0
16
['python_shell_task.py', '3', '4']
hello World
about to run launch_mcl.py with 3 4
 
TACC: Shutdown complete. Exiting.
