[mcl] new tab created
[mcl] pid 64806
 ite -------------------  chaos  time hom(avg,lo,hi) m-ie m-ex i-ex fmv
  1  ...................   0.00  0.00 1.00/1.00/1.00 1.00 1.00 1.00  12
[mcl] jury pruning marks: <100,100,100>, out of 100
[mcl] jury pruning synopsis: <100.0 or really really really good> (cf -scheme, -do log)
[mcl] output is in out.input_Bartonella_bacilliformis.txt.I12
[mcl] 61 clusters found
[mcl] output is in out.input_Bartonella_bacilliformis.txt.I12

Please cite:
    Stijn van Dongen, Graph Clustering by Flow Simulation.  PhD thesis,
    University of Utrecht, May 2000.
       (  http://www.library.uu.nl/digiarchief/dip/diss/1895620/full.pdf
       or  http://micans.org/mcl/lit/svdthesis.pdf.gz)
OR
    Stijn van Dongen, A cluster algorithm for graphs. Technical
    Report INS-R0010, National Research Institute for Mathematics
    and Computer Science in the Netherlands, Amsterdam, May 2000.
       (  http://www.cwi.nl/ftp/CWIreports/INS/INS-R0010.ps.Z
       or  http://micans.org/mcl/lit/INS-R0010.ps.Z)

...........[mclxIOstreamIn] no assignments yield void/empty matrix
[mcl] new tab created
___ [mclAlgorithmStart] attempting to cluster the void
[mcl] pid 63442
 ite   chaos  time hom(avg,lo,hi) m-ie m-ex i-ex fmv
  1     0.00  0.00 0.00/340282346638528859811704183484516925440.00/0.00 0.00 0.00 0.00 -2147483648
[mcl] jury pruning marks: <100,100,100>, out of 100
[mcl] jury pruning synopsis: <100.0 or really really really good> (cf -scheme, -do log)
[mcl] output is in out.input_Bacteroides_thetaiotaomicron.txt.I12
[mcl] 0 clusters found
[mcl] output is in out.input_Bacteroides_thetaiotaomicron.txt.I12

Please cite:
    Stijn van Dongen, Graph Clustering by Flow Simulation.  PhD thesis,
    University of Utrecht, May 2000.
       (  http://www.library.uu.nl/digiarchief/dip/diss/1895620/full.pdf
       or  http://micans.org/mcl/lit/svdthesis.pdf.gz)
OR
    Stijn van Dongen, A cluster algorithm for graphs. Technical
    Report INS-R0010, National Research Institute for Mathematics
    and Computer Science in the Netherlands, Amsterdam, May 2000.
       (  http://www.cwi.nl/ftp/CWIreports/INS/INS-R0010.ps.Z
       or  http://micans.org/mcl/lit/INS-R0010.ps.Z)

.......................................................................................................................[mcl] new tab created
[mcl] pid 58994
 ite -------------------  chaos  time hom(avg,lo,hi) m-ie m-ex i-ex fmv
  1  ......................[mcl] new tab created
......   1.74  0.06 1.00/0.57/2.11 1.01 1.01 1.01   0
[mcl] pid 64805
 ite -------------------  chaos  time hom(avg,lo,hi) m-ie m-ex i-ex fmv
  1  ......  2  .......................................   2.19  0.07 1.00/0.66/1.49 1.00 1.00 1.01   0
.......  3  .........   2.41  0.13 1.23/0.29/2.40 1.58 1.58 1.58   0
.......................   2.50  0.06 1.00/0.65/1.28 1.00 1.00 1.01   0
.  2  ....  4  ....................................   2.47  0.07 1.00/0.58/1.14 1.00 1.00 1.01   0
......  5  ................................   4.89  0.17 0.76/0.54/1.55 1.01 1.01 1.60   0
....   1.57  0.06 1.00/0.48/1.64 1.00 1.00 1.01   0
..  6  ................  3  .................   1.54  0.07 0.99/0.42/1.17 1.00 1.00 1.01   0
........  7  ..................................   1.89  0.06 0.99/0.34/1.12 1.00 1.00 1.01   0
.......  8  ...........   5.06  0.18 0.68/0.41/1.58 1.01 1.00 1.61   0
..................   2.33  0.06 0.99/0.28/1.28 1.00 1.00 1.01   0
......  4    9  ..................................   2.81  0.07 0.99/0.26/1.00 1.00 1.00 1.01   0
....... 10  ................................   3.24  0.06 0.99/0.28/1.00 1.00 1.00 1.01   0
......   5.31  0.17 0.65/0.39/1.19 1.00 1.00 1.61   0
[mcl] new tab created
 11  .....................  5  .....   3.43  0.07 0.99/0.31/1.00 1.00 1.00 1.01   0
........ 12  .........[mcl] new tab created
..........................   3.20  0.06 0.99/0.30/1.00 1.00 1.00 1.01   0
...... 13  ........................   4.68  0.19 0.62/0.39/1.13 1.00 1.00 1.61   0
.........   3.14  0.06 0.99/0.31/1.00 1.00 1.00 1.01   0
.... 14  ........  6  ........ 1M
........ 1M
........   2.54  0.07 0.99/0.38/1.00 1.00 1.00 1.00   0
...... 15  ........ 1M
.............................   2.28  0.07 0.99/0.39/1.00 1.00 1.00 1.00   0
..... 16  ....   4.56  0.17 0.62/0.38/1.02 1.00 1.00 1.61   0
........................   1.81  0.06 0.99/0.36/1.00 1.00 1.00 1.00   0
..  7  ... 17  ....[mcl] new tab created
......................   1.84  0.07 0.99/0.37/1.00 1.00 1.00 1.00   0
.... 18  ..........................   1.89  0.06 0.99/0.31/1.00 1.00 1.00 1.00   0
.. 19  ...........................   2.30  0.06 0.99/0.27/1.00 1.00 1.00 1.00   0
.[mcl] pid 63444
 ite -------------------  chaos  time hom(avg,lo,hi) m-ie m-ex i-ex fmv
  1  [mcl] pid 59198
. ite -------------------  chaos  time hom(avg,lo,hi) m-ie m-ex i-ex fmv
  1  .... 20  .[mcl] pid 58993
 ite -------------------  chaos  time hom(avg,lo,hi) m-ie m-ex i-ex fmv
  1  ......   3.91  0.17 0.63/0.40/1.00 1.00 1.00 1.61   0
..................................   2.71  0.06 1.00/0.25/1.00 1.00 1.00 1.00   0
...  8  ........ 21  ................................................   3.09  0.07 1.00/0.27/1.00 1.00 1.00 1.00   0
........   5.73  0.19 1.01/0.13/3.05 1.04 1.04 1.04   0
   3.29  0.19 1.00/0.48/2.46 1.02 1.02 1.02   0
..... 22  ......................
...  2  .  2  .........   3.25  0.07 1.00/0.34/1.00 1.00 1.00 1.00   0
   2.94  0.17 0.66/0.42/1.00 1.00 1.00 1.61   0
...........   3.42  0.29 1.00/0.23/2.82 1.00 1.00 1.00   0
 23  .....................  9  .............   2.95  0.06 1.00/0.31/1.00 1.00 1.00 1.00   0
...........  2   24  ..................................   6.53  0.18 1.00/0.52/1.67 1.02 1.02 1.03   0
....[mcl] new tab created
....  14.21  0.19 0.99/0.41/1.91 1.06 1.05 1.10   0
...   2.19  0.06 1.00/0.33/1.00 1.00 1.00 1.00   0
.....[mcl] pid 59199
 ite --------------------  chaos  time hom(avg,lo,hi) m-ie m-ex i-ex fmv
  1  .. 25  .................  3     3.05  0.18 0.71/0.40/1.00 1.00 1.00 1.60   0
....  3  ................   2.24  0.07 1.00/0.39/1.00 1.00 1.00 0.99   0
......... 26  ....... 10  ....................................   4.94  0.25 1.00/0.52/1.54 1.00 1.00 1.01   0
...   2.04  0.06 1.00/0.51/1.00 1.00 1.00 0.99   0
............ 27  ...................................   8.02  0.21 1.00/0.47/1.77 1.02 1.00 1.03   0
.  3  ...   1.56  0.06 1.00/0.62/1.00 1.00 1.00 0.99   0
..  20.91  0.21 0.99/0.33/1.91 1.02 1.01 1.10   1
....... 28  ...   3.14  0.18 0.77/0.49/1.00 1.00 1.00 1.60   0
...............  4  ......  4  ..........   1.10  0.06 1.00/0.54/1.00 1.00 1.00 0.99   0
.... 11  ..... 29  ...............................................   1.37  0.07 1.00/0.43/1.00 1.00 1.00 0.99   0
................ 30  ............   5.51  0.24 1.00/0.52/1.76 1.00 1.00 1.01   0
..............................   3.75  0.53 1.00/0.35/3.37 1.01 1.01 1.01   0
...   7.12  0.21 0.99/0.44/1.52 1.02 1.00 1.04   0
.   1.69  0.06 1.00/0.34/1.00 1.00 1.00 0.99   0
   3.24  0.18 0.83/0.46/1.00 1.00 1.00 1.60   0
...  26.51  0.22 0.99/0.35/1.21 1.01 1.00 1.11   1
 31  .......  4  ........  5   12  ............   2.05  0.07 1.00/0.29/1.00 1.00 1.00 0.99   0
.  5  ............ 32  ..  2  ...............................................   2.42  0.06 1.00/0.28/1.00 1.00 1.00 0.99   0
........... 33  ................   3.36  0.16 0.89/0.43/1.00 1.00 0.77 1.24   0
.........................   8.35  0.21 0.99/0.23/1.18 1.02 1.00 1.04   0
...   2.70  0.06 1.00/0.31/1.00 1.00 1.00 0.99   0
..... 13     3.94  0.25 1.00/0.53/1.28 1.00 1.00 1.01   0
.... 34  ...  31.21  0.23 0.99/0.39/1.52 1.01 1.00 1.11   1
...................  6  .............   2.72  0.06 1.00/0.40/1.00 1.00 1.00 0.99   0
.....  5  ....  6  .. 35  ............   3.18  0.12 0.94/0.40/1.00 1.00 0.97 1.20   0
.................................   2.35  0.06 1.00/0.53/1.00 1.00 1.00 0.99   0
... 14  ......... 36  ................................................   1.66  0.07 1.00/0.70/1.00 1.00 1.00 0.99   0
...  11.59  0.20 0.99/0.21/1.01 1.02 1.00 1.04   0
....... 2M
..... 37  .........   4.86  0.47 1.00/0.53/2.15 1.01 1.00 1.01   0
   3.02  0.13 0.96/0.43/1.00 1.00 0.92 1.10   0
.......  33.86  0.22 0.98/0.35/1.38 1.01 1.00 1.11   1
..........  7     3.63  0.25 1.00/0.49/1.58 1.00 1.00 1.01   0
.... 15  ...   0.92  0.06 1.00/0.84/1.00 1.00 1.00 0.99   0
........ 38  .........  7  .......................  6  ..  3  .........   0.39  0.06 1.00/0.89/1.00 1.00 1.00 0.99   0
...........   2.53  0.11 0.98/0.44/1.00 1.00 0.97 1.07   0
.... 39  ....................... 16  ....................  13.72  0.20 0.99/0.21/1.03 1.01 1.00 1.04   0
.   0.14  0.06 1.00/0.89/1.00 1.00 1.00 0.99   0
............ 40  ..................................  8  ......   1.58  0.11 0.99/0.48/1.00 1.00 0.95 1.02   0
.  33.79  0.23 0.98/0.31/1.00 1.00 1.00 1.10   1
....   0.16  0.06 1.00/0.87/1.00 1.00 1.00 0.99   0
....... 2M
. 41  .. 17  .........   4.05  0.25 1.00/0.38/1.12 1.00 1.00 1.01   0
...............  8  .................   0.17  0.06 1.00/0.85/1.00 1.00 1.00 0.99   0
................ 42     1.36  0.08 0.99/0.50/1.09 1.00 0.58 0.59   0
.........  7  .... 18  ......................................   0.18  0.07 1.00/0.83/1.00 1.00 1.00 0.99   0
......  13.44  0.21 0.99/0.25/1.00 1.01 1.00 1.04   0
....   1.19  0.05 1.00/0.55/1.00 1.00 0.73 0.43   0
..... 43  ...... 19  ..........................................   1.06  0.04 1.00/0.63/1.12 1.00 0.95 0.41   0
.  9  .....   0.18  0.07 1.00/0.81/1.00 1.00 1.00 0.99   0
... 20  .  31.41  0.22 0.98/0.30/1.07 1.00 1.00 1.10   1
.....   4.10  0.50 1.00/0.37/2.36 1.00 1.00 1.01   0
....... 44  .........................   1.10  0.04 1.00/0.58/1.15 1.00 0.99 0.41   0
........... 21  ..............  9  .....   0.17  0.06 1.00/0.81/1.00 1.00 1.00 0.99   0
.........   4.70  0.24 1.00/0.35/1.12 1.00 1.00 1.01   0
.......   1.14  0.04 1.00/0.59/1.00 1.00 0.99 0.41   0
.. 45  ...... 22  ...............  4  ...........................   1.31  0.05 1.00/0.52/1.00 1.00 0.99 0.40   0
..  14.23  0.19 0.99/0.26/1.00 1.01 1.00 1.03   0
....   0.16  0.06 1.00/0.82/1.00 1.00 1.00 0.99   0
.  8   23  ............. 46  ....................   1.47  0.04 1.00/0.48/1.00 1.00 0.99 0.40   0
........... 10  . 24  ...........................   0.14  0.06 1.00/0.85/1.00 1.00 1.00 0.98   0
.............   1.59  0.04 1.00/0.47/1.00 1.00 0.99 0.40   0
.. 47  ...  24.24  0.23 0.98/0.28/1.03 1.00 1.00 1.10   1
... 25  .......................................   1.41  0.04 1.00/0.50/1.00 1.00 1.00 0.40   0
...........   0.11  0.06 1.00/0.88/1.00 1.00 1.00 0.98   0
. 26  ......... 10  ............ 48  ............   1.31  0.03 1.00/0.56/1.00 1.00 1.00 0.40   0
.......... 27  .
......................   5.56  0.25 1.00/0.33/1.37 1.00 1.00 1.01   0
....  14.15  0.22 0.99/0.28/1.16 1.01 1.00 1.03   0
.......   0.08  0.07 1.00/0.91/1.00 1.00 1.00 0.98   0
........   1.09  0.03 1.00/0.62/1.00 1.00 1.00 0.39   0
... 49   28  ...................................   0.78  0.03 1.00/0.69/1.00 1.00 1.00 0.39   0
. 11  ....  9  ....... 29  ....   0.05  0.07 1.00/0.94/1.00 1.00 1.00 0.98   0
...................... 50  .........   0.48  0.04 1.00/0.78/1.00 1.00 1.00 0.39   0
........  17.97  0.23 0.98/0.21/1.04 1.00 1.00 1.09   1
.... 30  ...................................   4.36  0.50 1.00/0.41/2.05 1.00 1.00 1.01   0
..   0.03  0.06 1.00/0.97/1.00 1.00 1.00 0.98   0
...   0.25  0.04 1.00/0.82/1.00 1.00 1.00 0.39   0
.... 31  ... 11   51  .....................................   0.24  0.04 1.00/0.86/1.02 1.00 1.00 0.39   0
...........  12.58  0.20 0.99/0.35/1.28 1.01 1.00 1.03   0
..[mcl] new tab created
 32  ........   0.01  0.06 1.00/0.98/1.00 1.00 1.00 0.98   0
.................. 52  ....   0.24  0.04 1.00/0.90/1.03 1.00 1.00 0.39   0
..  5  ...   6.47  0.26 0.99/0.31/1.02 1.00 1.00 1.01   0
.... 33  [mcl] pid 64808
 ite -------------------  chaos  time hom(avg,lo,hi) m-ie m-ex i-ex fmv
  1  ......... 12  .............................   0.01  0.06 1.00/0.99/1.00 1.00 1.00 0.98   0
..   1.14  0.05 1.00/0.45/1.19 1.00 1.00 0.39   0
....... 34  ... 53  .......... 10  .......................  11.76  0.22 0.98/0.28/1.00 1.00 0.99 1.09   1
...   1.06  0.04 1.00/0.38/1.00 1.00 1.00 0.39   0
.............. 35  ........   0.00  0.07 1.00/1.00/1.00 1.00 1.00 0.98   0
................... 54  ...   0.14  0.04 1.00/0.62/1.00 1.00 1.00 0.39   0
....... 12  .... 36  ...........................  10.33  0.21 0.99/0.38/1.06 1.01 1.00 1.03   0
...................   0.00  0.07 1.00/1.00/1.00 1.00 1.00 0.98   0
.   0.01  0.04 1.00/0.92/1.00 1.00 1.00 0.39   0
.... 37  ..... 55  ................................ 13     0.00  0.04 1.00/1.00/1.00 1.00 1.00 0.39   0
............. 38  .........   0.00  0.06 1.00/1.00/1.00 1.00 1.00 0.98   0
..............   6.98  0.25 0.99/0.33/1.00 1.00 1.00 1.01   0
.............   0.00  0.04 1.00/1.00/1.00 1.00 1.00 0.39   0
....... 39  ..........   4.49  0.22 0.98/0.34/1.00 1.00 0.99 1.08   1
.................   0.00  0.04 1.00/1.00/1.00 1.00 1.00 0.39   0
. 11  ..........   4.09  0.47 1.00/0.38/1.31 1.00 1.00 1.01   0
. 13  ..........   7.65  0.21 0.98/0.37/1.00 1.01 1.00 1.02   0
................. 14  .......  6  ......................   6.59  0.22 0.99/0.35/1.00 1.00 1.00 1.01   0
.......   4.33  0.21 0.98/0.35/1.00 1.00 0.99 1.07   1
........... 12  . 14  ......   6.82  0.19 0.98/0.32/1.00 1.00 1.00 1.02   0
.................   4.88  0.83 1.05/0.41/3.70 1.05 1.05 1.05   0
... 15  .....................................   4.81  0.20 0.98/0.33/1.00 1.00 0.99 1.06   1
......   5.11  0.24 0.99/0.26/1.00 1.00 1.00 1.01   0
.. 3M
.... 15  .......   8.09  0.22 0.98/0.26/1.00 1.00 1.00 1.02   0
  2  ... 13  ..........   4.68  0.50 0.99/0.36/1.92 1.00 1.00 1.01   0
... 16  .................................   4.91  0.20 0.98/0.30/1.00 1.00 0.99 1.05   0
.....  7  ............. 16  .....   8.35  0.18 0.98/0.16/1.00 1.00 1.00 1.02   0
   3.25  0.22 0.99/0.22/1.00 1.00 1.00 1.01   0
............[mcl] jury pruning marks: <100,99,99>, out of 100
[mcl] jury pruning synopsis: <99.6 or perfect> (cf -scheme, -do log)
. 17  ..[mcl] output is in out.input_Acetobacter_pasteurianus.txt.I12
..[mcl] 3574 clusters found
[mcl] output is in out.input_Acetobacter_pasteurianus.txt.I12

Please cite:
    Stijn van Dongen, Graph Clustering by Flow Simulation.  PhD thesis,
    University of Utrecht, May 2000.
       (  http://www.library.uu.nl/digiarchief/dip/diss/1895620/full.pdf
       or  http://micans.org/mcl/lit/svdthesis.pdf.gz)
OR
    Stijn van Dongen, A cluster algorithm for graphs. Technical
    Report INS-R0010, National Research Institute for Mathematics
    and Computer Science in the Netherlands, Amsterdam, May 2000.
       (  http://www.cwi.nl/ftp/CWIreports/INS/INS-R0010.ps.Z
       or  http://micans.org/mcl/lit/INS-R0010.ps.Z)

. 14  .................................   4.85  0.18 0.98/0.25/1.00 1.00 0.99 1.04   0
................. 17  ..................  12.23  0.21 0.98/0.12/1.00 1.00 1.00 1.01   0
.........   3.44  0.23 0.99/0.22/1.00 1.00 1.00 1.01   0
....... 18  .............   5.37  0.46 0.99/0.34/1.70 1.00 1.00 1.01   0
..... 15  ........   5.67  0.19 0.98/0.21/1.00 1.00 0.99 1.03   0
..................... 18  .....   6.53  0.78 0.99/0.59/2.43 1.01 1.01 1.06   0
.  8  .  10.88  0.17 0.98/0.22/1.00 1.00 1.00 1.01   0
.................... 19  ..............   3.91  0.23 0.99/0.27/1.00 1.00 1.00 1.00   0
.............   7.15  0.18 0.98/0.20/1.00 1.00 0.99 1.02   0
........ 16  ..  3  .... 19  .....................   8.57  0.21 0.98/0.26/1.00 1.00 1.00 1.01   0
...................... 20  ...................   7.78  0.18 0.98/0.19/1.00 1.00 0.99 1.02   0
........   3.94  0.23 0.99/0.23/1.00 1.00 1.00 1.00   0
........   6.16  0.47 0.99/0.30/1.50 1.00 1.00 1.01   0
.. 20  ............ 17  .......   5.61  0.17 0.98/0.24/1.26 1.00 1.00 1.01   0
..............  9  ... 21  .................   8.75  0.18 0.98/0.19/1.00 1.00 0.99 1.01   0
.................... 21  ............   3.71  0.23 0.99/0.20/1.00 1.00 1.00 1.00   0
.....................   4.65  0.21 0.99/0.24/1.00 1.00 1.00 1.00   0
.... 18  ................. 22     8.60  0.17 0.98/0.24/1.00 1.00 1.00 1.01   0
..................... 22  ............  10.86  0.78 0.99/0.44/2.16 1.00 1.00 1.06   0
.........................   7.09  0.46 0.99/0.27/1.38 1.00 1.00 1.01   0
.......   4.13  0.25 0.99/0.21/1.00 1.00 1.00 1.00   0
.   4.13  0.18 0.99/0.29/1.00 1.00 1.00 1.00   0
......[mcl] jury pruning marks: <100,100,100>, out of 100
[mcl] jury pruning synopsis: <100.0 or really really really good> (cf -scheme, -do log)
.[mcl] output is in out.input_Bifidobacterium_pseudocatenulatum.txt.I12
[mcl] 2366 clusters found
[mcl] output is in out.input_Bifidobacterium_pseudocatenulatum.txt.I12

Please cite:
    Stijn van Dongen, Graph Clustering by Flow Simulation.  PhD thesis,
    University of Utrecht, May 2000.
       (  http://www.library.uu.nl/digiarchief/dip/diss/1895620/full.pdf
       or  http://micans.org/mcl/lit/svdthesis.pdf.gz)
OR
    Stijn van Dongen, A cluster algorithm for graphs. Technical
    Report INS-R0010, National Research Institute for Mathematics
    and Computer Science in the Netherlands, Amsterdam, May 2000.
       (  http://www.cwi.nl/ftp/CWIreports/INS/INS-R0010.ps.Z
       or  http://micans.org/mcl/lit/INS-R0010.ps.Z)

....   6.18  0.17 0.98/0.31/1.00 1.00 1.00 1.00   0
 19   23  ........ 10  ... 23  ....  4  .......................................................   3.41  0.21 0.99/0.40/1.00 1.00 1.00 1.00   0
...........   5.01  0.17 0.99/0.24/1.00 1.00 0.99 1.00   0
.   4.66  0.24 0.99/0.23/1.00 1.00 1.00 1.00   0
...... 24  ... 24  ........... 20  ............... 4M
..........................................   2.80  0.20 0.99/0.52/1.00 1.00 1.00 0.99   0
.   3.56  0.17 0.99/0.22/1.00 1.00 1.00 0.99   0
..........   8.14  0.46 0.99/0.27/1.08 1.00 1.00 1.01   0

.... 25  . 25  ..............   4.58  0.25 0.99/0.27/1.00 1.00 1.00 1.00   0
.................... 11  ...... 21  ...............   3.68  0.17 0.99/0.24/1.00 1.00 1.00 0.99   0
...   1.81  0.18 1.00/0.49/1.00 1.00 1.00 0.99   0
........... 1M
. 26  .... 26  ...................................  12.23  0.80 0.99/0.40/1.57 1.00 1.00 1.06   0
...........   4.15  0.24 0.99/0.23/1.00 1.00 1.00 1.00   0
.............   3.98  0.18 0.99/0.26/1.00 1.00 1.00 0.99   0
.......   1.14  0.18 1.00/0.48/1.00 1.00 1.00 0.99   0
. 22  .. 27  ........ 27  ..............  5  ...................   8.84  0.50 0.99/0.29/1.18 1.00 1.00 1.01   0
.........................   3.72  0.18 0.99/0.33/1.00 1.00 1.00 0.98   0
......   1.17  0.18 1.00/0.46/1.00 1.00 0.99 0.98   0
.....   3.88  0.25 1.00/0.19/1.00 1.00 1.00 1.00   0
[mcl] new tab created
 28  . 12  ..... 28  ............. 23  .....[mcl] pid 63441
.. ite -------------------  chaos  time hom(avg,lo,hi) m-ie m-ex i-ex fmv
  1  ...................................   3.06  0.20 0.99/0.41/1.00 1.00 1.00 0.98   0
............   1.26  0.18 1.00/0.41/1.00 1.00 0.99 0.97   0
..... 29  .......... 29  ..............   4.08  0.24 1.00/0.18/1.00 1.00 1.00 1.00   0
.......................... 24  ..............   2.67  0.19 0.99/0.39/1.00 1.00 1.00 0.98   0
............   9.37  0.46 0.99/0.29/1.00 1.00 1.00 1.01   0
.   1.41  0.20 1.00/0.39/1.00 1.00 1.00 0.97   0
...... 30  ..[mcl] new tab created
.... 30  .[mcl] pid 58996
 ite -------------------  chaos  time hom(avg,lo,hi) m-ie m-ex i-ex fmv
  1  ...................... 13  ..  12.97  0.78 0.98/0.38/1.60 1.00 1.00 1.06   0
................................   4.72  0.29 1.00/0.20/1.00 1.00 1.00 1.00   0
....   2.71  0.18 0.99/0.40/1.00 1.00 1.00 0.98   0
......   1.50  0.17 1.00/0.42/1.00 1.00 1.00 0.96   0
...... 31  . 25  ... 31  ...........   6.81  0.27 1.02/0.24/3.18 1.17 1.17 1.17   0
.....  6  .........................  2  ........................   2.12  0.19 0.99/0.42/1.00 1.00 1.00 0.97   0
..........   1.50  0.20 1.00/0.40/1.00 1.00 1.00 0.96   0
........ 32  ....   5.23  0.25 1.00/0.28/1.00 1.00 1.00 1.00   0
..... 32  ................   8.43  0.51 0.99/0.30/1.04 1.00 1.00 1.01   0
........ 26  ...................................   1.69  0.19 0.99/0.34/1.00 1.00 1.00 0.97   0
....   1.86  0.16 1.00/0.31/1.00 1.00 1.00 0.96   0
... 14  .......  13.62  0.36 0.98/0.38/2.16 1.25 1.22 1.43   0
 33  . 33  ................................  3  .....   4.93  0.26 1.00/0.43/1.00 1.00 1.00 1.00   0
............................   2.02  0.18 0.99/0.30/1.00 1.00 1.00 0.97   0
. 27  ......   2.27  0.20 1.00/0.26/1.00 1.00 1.00 0.96   0
...... 34  ......... 34  ...................................  13.11  0.81 0.98/0.35/1.15 1.00 1.00 1.06   0
.........................   4.32  1.60 1.02/0.29/3.51 1.08 1.08 1.08   0
....   7.51  0.46 0.99/0.29/1.00 1.00 1.00 1.01   0
....   2.32  0.17 0.99/0.30/1.00 1.00 1.00 0.97   0
........   2.78  0.18 1.00/0.23/1.00 1.00 1.00 0.96   0
...   3.65  0.28 1.00/0.61/1.00 1.00 1.00 1.00   0
 35  ..... 35  ........ 15  . 28  .....  7  .... 2M
............  16.51  0.52 0.97/0.20/2.39 1.07 1.03 1.47  10
............   2.49  0.16 0.99/0.30/1.00 1.00 1.00 0.97   0
................ 36  ...   3.25  0.19 1.00/0.25/1.00 1.00 1.00 0.96   0
....  4  ............... 36  ...........   2.01  0.26 1.00/0.49/1.00 1.00 1.00 0.99   0
.............  2  ............   2.49  0.17 0.99/0.35/1.00 1.00 1.00 0.97   0
..... 29  ............ 37  .........   3.50  0.18 1.00/0.32/1.00 1.00 1.00 0.96   0
.................... 37  ......   8.58  0.49 0.99/0.27/1.00 1.00 1.00 1.01   0
.................................   2.39  0.18 1.00/0.45/1.00 1.00 1.00 0.97   0
.............   1.54  0.28 1.00/0.38/1.00 1.00 1.00 0.99   0
. 16  .. 38  ....   3.27  0.16 1.00/0.45/1.00 1.00 1.00 0.96   0
.............. 30  ... 38  ...  19.16  0.56 0.96/0.18/2.00 1.05 1.01 1.48  10
...........................  12.07  0.78 0.98/0.32/1.22 1.00 1.00 1.06   0
........   1.95  0.18 1.00/0.54/1.00 1.00 1.00 0.97   0
......  5  .......... 39  ......   2.49  0.18 1.00/0.62/1.00 1.00 1.00 0.96   0
...................... 39  .   1.88  0.26 1.00/0.31/1.00 1.00 1.00 0.99   0
............  8  ...
.............. 31     1.65  0.18 0.99/0.46/1.00 1.00 1.00 0.97   0
.....   9.50  0.45 0.99/0.27/1.00 1.00 1.00 1.01   0
............. 40  ........   1.47  0.19 1.00/0.70/1.00 1.00 1.00 0.96   0
................ 17  . 40  ..................................   1.57  0.18 0.99/0.41/1.00 1.00 1.00 0.97   0
......   2.26  0.26 1.00/0.28/1.00 1.00 1.00 0.99   0
......... 41  ...  20.57  0.55 0.95/0.17/1.95 1.04 1.00 1.49  10
....   0.67  0.18 1.00/0.66/1.00 1.00 1.00 0.96   0
...[mcl] new tab created
 32  ............ 41  ..[mcl] pid 64810
. ite -------------------  chaos  time hom(avg,lo,hi) m-ie m-ex i-ex fmv
  1  ......  6  ....................   1.51  0.19 0.99/0.39/1.00 1.00 1.00 0.96   0
................... 42  ..................   0.49  0.19 1.00/0.63/1.00 1.00 1.00 0.96   0
..........   2.59  0.29 1.00/0.29/1.00 1.00 1.00 0.99   0
.......   9.67  0.51 0.99/0.28/1.00 1.00 1.00 1.00   0
.... 42  ............... 33  .........   1.49  0.18 0.99/0.41/1.00 1.00 1.00 0.96   0
............. 18  ...... 43  ............   0.50  0.16 1.00/0.63/1.00 1.00 1.00 0.96   0
................   8.85  0.92 0.98/0.31/1.21 1.00 1.00 1.06   0
....... 43  ............   6.16  1.69 0.99/0.49/2.46 1.02 1.02 1.10   0
...............   1.46  0.17 0.99/0.48/1.00 1.00 1.00 0.96   0
....   2.75  0.25 1.00/0.33/1.00 1.00 1.00 0.99   0
...  22.34  0.56 0.95/0.16/1.77 1.04 1.00 1.49  11
..... 44  ........ 34  .......  9  ....   0.48  0.20 1.00/0.65/1.00 1.00 1.00 0.96   0
.....  7  ............... 44  ............   1.27  0.16 1.00/0.56/1.00 1.00 1.00 0.96   0
.............   8.74  0.45 0.98/0.24/1.00 1.00 1.00 1.00   0
..... 45  ......   3.90  0.85 1.01/0.36/3.45 1.02 1.02 1.02   0
......................   0.43  0.16 1.00/0.69/1.00 1.00 1.00 0.96   0
.....   2.57  0.28 1.00/0.31/1.00 1.00 1.00 0.99   0
... 19    3  ....... 45  ..........   0.94  0.16 1.00/0.52/1.00 1.00 1.00 0.96   0
. 35  ............... 46  ..  2  .......................................   0.35  0.20 1.00/0.76/1.00 1.00 1.00 0.96   0
...................... 46  ...   0.95  0.18 1.00/0.50/1.00 1.00 1.00 0.96   0
...   2.21  0.25 1.00/0.34/1.00 1.00 1.00 0.99   0
  22.40  0.57 0.94/0.17/1.30 1.03 0.99 1.48  11
............ 47  ......... 36  .......  8  ...................   0.25  0.17 1.00/0.80/1.00 1.00 1.00 0.96   0
........   6.67  0.50 0.98/0.23/1.00 1.00 1.00 1.00   0
.............   3.83  0.82 0.97/0.28/1.23 1.00 1.00 1.06   0
... 47  ..   0.97  0.18 1.00/0.52/1.00 1.00 1.00 0.96   0
................ 48  .... 20  ..........................   2.23  0.30 1.00/0.41/1.00 1.00 1.00 0.99   0
..........   0.24  0.19 1.00/0.78/1.00 1.00 1.00 0.96   0
....... 10  ...... 37  .. 48  ......   0.86  0.19 1.00/0.57/1.00 1.00 1.00 0.96   0
................. 49  .............   5.05  0.78 1.00/0.51/2.09 1.01 1.01 1.03   0
..............................  23.64  0.56 0.94/0.16/1.15 1.03 0.98 1.45  11
.   0.25  0.18 1.00/0.76/1.00 1.00 1.00 0.96   0
..............   1.96  0.24 1.00/0.53/1.00 1.00 1.00 0.99   0
... 49  ..   0.74  0.19 1.00/0.65/1.00 1.00 1.00 0.96   0
.......   4.96  0.45 0.98/0.24/1.00 1.00 1.00 1.00   0
  9  ...... 50  . 38  .  3  .............................. 21     0.25  0.16 1.00/0.76/1.00 1.00 1.00 0.96   0
................... 50  .............   0.55  0.18 1.00/0.75/1.00 1.00 1.00 0.96   0
.................. 51  ......................   1.44  0.30 1.00/0.50/1.00 1.00 1.00 0.99   0
..............   0.23  0.18 1.00/0.78/1.00 1.00 1.00 0.96   0
.............. 39  ..... 51  ........   0.36  0.18 1.00/0.78/1.00 1.00 1.00 0.96   0
.................... 52  ..  22.80  0.53 0.94/0.12/1.41 1.03 0.98 1.42  11
...   6.75  1.63 0.99/0.35/2.60 1.00 1.00 1.10   0
   4.51  0.86 0.97/0.28/1.45 1.00 0.99 1.05   0
..............................   5.49  0.50 0.98/0.18/1.00 1.00 1.00 1.00   0
.......   0.20  0.19 1.00/0.80/1.00 1.00 1.00 0.96   0
. 10  .......   1.03  0.24 1.00/0.46/1.00 1.00 1.00 0.99   0
....   0.22  0.16 1.00/0.80/1.00 1.00 1.00 0.96   0
. 52  ......... 22   11   53  . 40  .....................   4.43  0.77 0.99/0.43/2.08 1.00 1.00 1.03   0
.........................   0.16  0.18 1.00/0.84/1.00 1.00 1.00 0.96   0
............   0.23  0.16 1.00/0.78/1.00 1.00 1.00 0.96   0
........ 53  ..... 54  .  4  ........................  4  .....   1.11  0.30 1.00/0.45/1.00 1.00 1.00 0.99   0
............................ 41  ...   0.11  0.20 1.00/0.89/1.00 1.00 1.00 0.96   0
   0.23  0.18 1.00/0.78/1.00 1.00 0.99 0.95   0
...  21.28  0.53 0.93/0.13/1.33 1.03 0.97 1.38  10
...........   5.45  0.45 0.98/0.16/1.00 1.00 1.00 1.00   0
 55   54  ................... 11  .......................... 23  ................   0.07  0.16 1.00/0.93/1.00 1.00 1.00 0.96   0
.....   0.21  0.18 1.00/0.78/1.00 1.00 1.00 0.95   0
...   1.12  0.25 1.00/0.49/1.00 1.00 1.00 0.99   0
...... 55  .. 56  ....... 42  ..............................   4.71  0.80 0.96/0.21/1.39 1.00 0.98 1.02   0
................................   0.19  0.18 1.00/0.81/1.00 1.00 1.00 0.95   0
....   0.04  0.19 1.00/0.96/1.00 1.00 1.00 0.96   0
......... 57  .. 56  ................  20.02  0.49 0.93/0.16/1.02 1.02 0.97 1.34  10
.   1.03  0.27 1.00/0.56/1.00 1.00 1.00 0.99   0
 12  .........................   5.53  0.49 0.98/0.17/1.00 1.00 1.00 1.00   0
.... 43  .... 12  .......   0.15  0.18 1.00/0.84/1.00 1.00 1.00 0.95   0
....   0.02  0.17 1.00/0.98/1.00 1.00 1.00 0.96   0
   4.51  0.84 0.99/0.41/1.98 1.00 1.00 1.03   0
........ 58  .. 57  .. 24  ...........................................................   0.84  0.27 1.00/0.66/1.00 1.00 1.00 0.99   0
....  5  .   0.11  0.17 1.00/0.88/1.00 1.00 1.00 0.95   0
.......   0.01  0.21 1.00/0.99/1.00 1.00 1.00 0.96   0
..... 59  ... 44  ...... 58  ........................................  17.98  0.47 0.93/0.14/1.04 1.02 0.97 1.29   9
..................   0.08  0.18 1.00/0.92/1.00 1.00 1.00 0.95   0
...........   0.00  0.18 1.00/1.00/1.00 1.00 1.00 0.96   0
... 13  ....   6.20  0.46 0.98/0.16/1.00 1.00 1.00 1.00   0
 60  ......   0.58  0.24 1.00/0.65/1.00 1.00 1.00 0.99   0
.... 59  ....................... 45  ....... 25  ......   5.43  0.81 0.94/0.16/1.25 1.00 1.00 1.02   0
................   0.05  0.18 1.00/0.95/1.00 1.00 1.00 0.95   0
............   0.00  0.18 1.00/1.00/1.00 1.00 1.00 0.96   0
........ 61  .....   7.32  1.71 0.98/0.32/2.07 1.00 1.00 1.10   0
....... 60  .......................... 13  .......   0.50  0.26 1.00/0.63/1.00 1.00 1.00 0.99   0
.........  16.36  0.40 0.92/0.13/1.00 1.02 0.97 1.25   7
..   0.02  0.17 1.00/0.98/1.00 1.00 1.00 0.95   0
............   4.90  0.76 0.99/0.39/1.22 1.00 1.00 1.03   0
 46  . 62  .   0.00  0.18 1.00/1.00/1.00 1.00 1.00 0.96   0
..... 14  .......................................   5.87  0.49 0.98/0.14/1.00 1.00 1.00 1.00   0
...   0.01  0.15 1.00/0.99/1.00 1.00 1.00 0.95   0
........ 63  .  6  ...  5  ............ 26  .   0.50  0.29 1.00/0.63/1.00 1.00 1.00 0.99   0
........................ 47  .........   0.00  0.17 1.00/1.00/1.00 1.00 1.00 0.95   0
  15.18  0.37 0.92/0.14/1.21 1.02 0.97 1.22   3
............ 64  ........ 15  ...............................................   0.46  0.25 1.00/0.67/1.00 1.00 1.00 0.99   0
...   7.00  0.75 0.93/0.15/1.00 1.00 1.00 1.02   0
.   0.00  0.17 1.00/1.00/1.00 1.00 1.00 0.95   0
........   6.59  0.40 0.98/0.15/1.00 1.00 1.00 1.00   0
... 65  .. 48  ........................ 27  .  12.19  0.32 0.91/0.21/1.00 1.01 0.97 1.18   2
........ 14  ...........   0.00  0.18 1.00/1.00/1.00 1.00 1.00 0.95   0
..... 16  ................   0.39  0.26 1.00/0.72/1.00 1.00 1.00 0.99   0
.....   5.22  0.78 0.99/0.34/1.84 1.00 1.00 1.03   0
......... 49  ............................   8.46  0.30 0.91/0.19/1.00 1.01 0.97 1.15   0
.......   7.21  0.41 0.99/0.14/1.00 1.00 1.00 0.99   0
.  7  ...... 17  ......   0.30  0.25 1.00/0.79/1.00 1.00 1.00 0.99   0
..... 28  .......... 50  ..................................   8.22  0.26 0.90/0.19/1.00 1.01 0.98 1.13   0
................... 18  .....   6.14  0.81 0.91/0.19/1.00 1.00 1.00 1.02   0
.   0.20  0.26 1.00/0.86/1.00 1.00 1.00 0.99   0
................   7.39  0.39 0.99/0.16/1.00 1.00 1.00 0.99   0
. 51  ..........   7.47  1.57 0.98/0.31/1.84 1.00 1.00 1.10   0
.......... 15  .. 29  ......   8.07  0.26 0.90/0.18/1.00 1.01 0.98 1.11   0
................ 19  .   5.52  0.76 0.98/0.29/1.08 1.00 1.00 1.03   0
...   0.16  0.25 1.00/0.91/1.00 1.00 1.00 0.99   0
.............. 52  ...........................  8  ..   7.94  0.25 0.89/0.19/1.00 1.01 0.98 1.09   0
.  6  ........   7.06  0.41 0.99/0.23/1.00 1.00 1.00 0.99   0
..... 20  ..........   0.18  0.27 1.00/0.88/1.00 1.00 1.00 0.99   0
....... 30  ....... 53  ..............................   9.03  0.25 0.89/0.17/1.00 1.00 0.99 1.07   0
.........   6.49  0.75 0.88/0.28/1.00 1.00 1.00 1.02   0
...... 21  ............   0.20  0.25 1.00/0.85/1.00 1.00 1.00 0.99   0
............... 54  ...   7.07  0.40 1.00/0.37/1.00 1.00 0.99 0.98   0
..... 16  ............   9.17  0.23 0.89/0.15/1.00 1.00 0.99 1.06   0
...... 31  ..... 22  .........   5.44  0.78 0.98/0.22/1.28 1.00 1.00 1.03   0
..............   0.22  0.27 1.00/0.82/1.00 1.00 1.00 0.99   0
.............. 55  .............   8.08  0.24 0.89/0.16/1.00 1.00 0.98 1.04   0
....  9  .......... 23  ......................   6.39  0.44 1.00/0.42/1.00 1.00 0.99 0.98   0
.......   0.24  0.27 1.00/0.79/1.00 1.00 1.00 0.99   0
............. 56  .. 32  ..   6.58  0.22 0.90/0.17/1.00 1.00 0.99 1.03   0
................ 24  ............   6.41  0.81 0.85/0.28/1.00 1.00 1.00 1.02   0
...............................   0.25  0.26 1.00/0.77/1.00 1.00 1.00 0.99   0
.......   6.74  1.54 0.98/0.31/1.92 1.00 1.00 1.10   0
.....   6.83  0.22 0.90/0.15/1.00 1.00 0.99 1.01   0
.. 17   57  ......   3.09  0.39 1.00/0.37/1.00 1.00 0.99 0.97   0
.. 25  ......................   4.56  0.77 0.98/0.20/1.19 1.00 1.00 1.03   0
 33  ........................   0.25  0.26 1.00/0.76/1.00 1.00 1.00 0.99   0
...   6.19  0.23 0.91/0.15/1.00 1.00 0.99 1.00   0
..... 26   58  ..... 10  .  7  ..............................................   2.14  0.40 1.00/0.36/1.00 1.00 1.00 0.97   0
...   6.61  0.23 0.93/0.16/1.00 1.00 0.99 0.99   0
.........   0.24  0.28 1.00/0.77/1.00 1.00 1.00 0.99   0
. 27  ..... 34  ....... 59  ......   7.25  0.74 0.82/0.19/1.00 1.00 1.00 1.02   0
.................................   6.94  0.22 0.94/0.16/1.00 1.00 0.99 0.97   0
......... 28  .. 18  .....   0.22  0.25 1.00/0.79/1.00 1.00 1.00 0.99   0
................. 60  ....   1.75  0.38 1.00/0.36/1.00 1.00 1.00 0.96   0
...................   6.18  0.20 0.95/0.18/1.00 1.00 0.99 0.96   0
.... 35  ......   4.45  0.83 0.98/0.22/1.24 1.00 1.00 1.03   0
. 29  .........................   0.18  0.26 1.00/0.82/1.00 1.00 1.00 0.99   0
............... 61  .....   6.46  0.21 0.96/0.17/1.03 1.00 0.99 0.95   0
.. 11  .......... 30  .......................   1.72  0.41 1.00/0.37/1.00 1.00 1.00 0.96   0
....................   0.14  0.26 1.00/0.86/1.00 1.00 1.00 0.99   0
........   5.41  0.21 0.97/0.18/1.00 1.00 0.98 0.93   0
 36  ....   6.84  0.80 0.78/0.14/1.12 1.00 1.00 1.01   0
. 62  ... 31  ....................................   6.23  1.55 0.97/0.28/1.73 1.00 0.99 1.10   0
...... 19  .........   5.75  0.20 0.97/0.17/1.00 1.00 0.97 0.90   0
........[mcl] jury pruning marks: <100,99,99>, out of 100
[mcl] jury pruning synopsis: <99.6 or perfect> (cf -scheme, -do log)
.[mcl] output is in out.input_Bartonella_henselae.txt.I12
   0.09  0.27 1.00/0.91/1.00 1.00 1.00 0.99   0
[mcl] 1887 clusters found
[mcl] output is in out.input_Bartonella_henselae.txt.I12
.
Please cite:
    Stijn van Dongen, Graph Clustering by Flow Simulation.  PhD thesis,
    University of Utrecht, May 2000.
       (  http://www.library.uu.nl/digiarchief/dip/diss/1895620/full.pdf
       or  http://micans.org/mcl/lit/svdthesis.pdf.gz)
OR
    Stijn van Dongen, A cluster algorithm for graphs. Technical
    Report INS-R0010, National Research Institute for Mathematics
    and Computer Science in the Netherlands, Amsterdam, May 2000.
       (  http://www.cwi.nl/ftp/CWIreports/INS/INS-R0010.ps.Z
       or  http://micans.org/mcl/lit/INS-R0010.ps.Z)

. 32  ........   1.74  0.38 1.00/0.43/1.00 1.00 1.00 0.96   0
...... 63  ..................... 37     5.01  0.77 0.97/0.28/1.03 1.00 1.00 1.03   0
.........   5.47  0.19 0.98/0.20/1.00 1.00 0.99 0.89   0
............. 33  .........  8  ......   0.06  0.26 1.00/0.94/1.00 1.00 1.00 0.99   0
.............. 12  ..... 64  ............   5.98  0.18 0.98/0.25/1.00 1.00 0.97 0.86   0
............ 34  .............   1.56  0.40 1.00/0.54/1.00 1.00 1.00 0.96   0
.........................   5.78  0.75 0.75/0.13/1.00 1.00 1.00 1.01   0
....... 38  ..   0.03  0.27 1.00/0.97/1.00 1.00 1.00 0.99   0
....   5.46  0.19 0.98/0.22/1.00 1.00 1.00 0.85   0
....... 35   65  ...................... 20  .............................   3.84  0.18 0.99/0.23/1.00 1.00 0.99 0.85   0
.............. 36  .   0.01  0.25 1.00/0.99/1.00 1.00 1.00 0.99   0
............   1.19  0.38 1.00/0.55/1.00 1.00 1.00 0.96   0
........ 66  ................. 39  ......   3.98  0.18 0.99/0.30/1.00 1.00 1.00 0.84   0
...   4.96  0.82 0.97/0.29/1.00 1.00 1.00 1.02   0
........ 37  ..................................   0.00  0.27 1.00/1.00/1.00 1.00 1.00 0.99   0
...............   3.82  0.19 0.99/0.42/1.00 1.00 1.00 0.84   0
 13  .. 67  ....... 38  .....................   0.79  0.40 1.00/0.56/1.00 1.00 1.00 0.96   0
.........   7.25  0.75 0.73/0.17/1.00 1.00 1.00 1.01   0
.......................   2.99  0.19 0.99/0.54/1.00 1.00 1.00 0.84   0
 40  .....   0.00  0.25 1.00/1.00/1.00 1.00 1.00 0.99   0
... 39  ............ 68  . 21  .........................................   1.80  0.19 0.99/0.56/1.00 1.00 1.00 0.84   0
...   6.66  1.66 0.97/0.25/1.57 1.00 0.99 1.09   0
....... 40  ......................   0.77  0.38 1.00/0.59/1.00 1.00 1.00 0.96   0
..   0.00  0.27 1.00/1.00/1.00 1.00 1.00 0.99   0
............... 69  ......   0.90  0.18 0.99/0.61/1.00 1.00 1.00 0.84   0
... 41     4.36  0.77 0.97/0.28/1.00 1.00 1.00 1.02   0
........ 41  ............ 1M
........................  9  ..........   0.00  0.25 1.00/1.00/1.00 1.00 1.00 0.99   0
.. 14  ..   0.65  0.19 0.99/0.69/1.00 1.00 1.00 0.84   0
......... 42  ..............   8.17  0.75 0.71/0.24/1.00 1.00 1.00 1.01   0
.........   0.69  0.40 1.00/0.65/1.00 1.00 1.00 0.96   0
...............   0.53  0.18 1.00/0.77/1.00 1.00 1.00 0.83   0
.. 42  . 43  ....... 22  .................................   0.26  0.17 1.00/0.78/1.00 1.00 1.00 0.83   0
...... 44  .................................   0.57  0.38 1.00/0.69/1.00 1.00 1.00 0.96   0
......   0.25  0.17 1.00/0.77/1.00 1.00 1.00 0.83   0
....... 45  ... 43  .........   4.22  0.83 0.97/0.30/1.00 1.00 1.00 1.02   0
........................   0.25  0.17 1.00/0.76/1.00 1.00 1.00 0.83   0
....... 46  .............. 15  .......   7.57  0.76 0.71/0.23/1.00 1.00 1.00 1.01   0
.................   0.24  0.17 1.00/0.76/1.00 1.00 1.00 0.83   0
.....   0.43  0.39 1.00/0.75/1.00 1.00 1.00 0.96   0
... 47  ............ 23  . 44  ....................   0.23  0.17 1.00/0.78/1.00 1.00 1.00 0.83   0
........ 48  ............   7.13  1.53 0.96/0.27/1.59 1.00 0.99 1.08   0
.............................   0.19  0.18 1.00/0.81/1.00 1.00 1.00 0.83   0
....... 49  ..   0.31  0.38 1.00/0.80/1.00 1.00 1.00 0.96   0
....................... 45  .........   0.17  0.16 1.00/0.82/1.00 1.00 1.00 0.83   0
...   4.57  0.81 0.97/0.29/1.00 1.00 1.00 1.02   0
... 50  .... 10  ...........................   5.66  0.75 0.72/0.21/1.00 1.00 1.00 1.01   0
......   0.15  0.17 1.00/0.83/1.00 1.00 1.00 0.82   0
.. 16  .. 51  ..................   0.35  0.39 1.00/0.76/1.00 1.00 1.00 0.96   0
.... 2M
.... 24  ........   0.14  0.16 1.00/0.86/1.00 1.00 1.00 0.82   0
... 46  .... 52  .......................................   0.16  0.17 1.00/0.89/1.00 1.00 1.00 0.82   0
...... 53  ..................................   0.39  0.39 1.00/0.73/1.00 1.00 1.00 0.96   0
......   0.19  0.16 1.00/0.89/1.00 1.00 1.00 0.82   0
...... 54  ..... 47  ....................   4.62  0.82 0.97/0.31/1.08 1.00 1.00 1.02   0
.............   0.22  0.16 1.00/0.88/1.00 1.00 1.00 0.82   0
......   6.04  0.77 0.75/0.18/1.00 1.00 1.00 1.00   0
 55  ...................... 17  .............   0.25  0.17 1.00/0.85/1.00 1.00 1.00 0.82   0
.. 25  .   0.42  0.40 1.00/0.70/1.00 1.00 1.00 0.96   0
... 56  ................. 48  ..................   0.28  0.17 1.00/0.81/1.00 1.00 1.00 0.82   0
........ 57  .....................   7.48  1.64 0.96/0.20/1.73 1.00 0.99 1.07   0
....................   0.32  0.17 1.00/0.76/1.00 1.00 1.00 0.82   0
....... 58  .......   0.45  0.38 1.00/0.68/1.00 1.00 1.00 0.96   0
..................... 49  ......   0.35  0.17 1.00/0.72/1.00 1.00 1.00 0.82   0
....... 59  .............   4.88  0.83 0.97/0.30/1.00 1.00 1.00 1.01   0
.   7.14  0.77 0.78/0.17/1.00 1.00 1.00 1.00   0
.. 11  ..[mcl] jury pruning marks: <100,99,99>, out of 100
[mcl] jury pruning synopsis: <99.6 or perfect> (cf -scheme, -do log)
...[mcl] output is in out.input_Acinetobacter_calcoaceticus.txt.I12
[mcl] 4688 clusters found
[mcl] output is in out.input_Acinetobacter_calcoaceticus.txt.I12
.
Please cite:
    Stijn van Dongen, Graph Clustering by Flow Simulation.  PhD thesis,
    University of Utrecht, May 2000.
       (  http://www.library.uu.nl/digiarchief/dip/diss/1895620/full.pdf
       or  http://micans.org/mcl/lit/svdthesis.pdf.gz)
OR
    Stijn van Dongen, A cluster algorithm for graphs. Technical
    Report INS-R0010, National Research Institute for Mathematics
    and Computer Science in the Netherlands, Amsterdam, May 2000.
       (  http://www.cwi.nl/ftp/CWIreports/INS/INS-R0010.ps.Z
       or  http://micans.org/mcl/lit/INS-R0010.ps.Z)

.............   0.37  0.17 1.00/0.70/1.00 1.00 1.00 0.82   0
...... 60  ....... 26  ... 18  ..............   0.46  0.44 1.00/0.68/1.00 1.00 1.00 0.96   0
...............   0.37  0.16 1.00/0.69/1.00 1.00 1.00 0.82   0
..... 61   50  ........................................... 3M
.   0.36  0.17 1.00/0.70/1.00 1.00 1.00 0.82   0
....... 62  ...........................................   0.33  0.16 1.00/0.73/1.00 1.00 1.00 0.82   0
......   0.45  0.42 1.00/0.69/1.00 1.00 1.00 0.96   0
... 63  ..................... 51  ............   8.03  0.78 0.83/0.18/1.00 1.00 0.99 0.99   0
...   5.10  0.77 0.97/0.29/1.00 1.00 1.00 1.01   0
.....   0.27  0.17 1.00/0.78/1.00 1.00 1.00 0.82   0
..... 64  ......................... 27  ...... 19  .....   0.25  0.17 1.00/0.76/1.00 1.00 1.00 0.82   0
...... 65  ........................   0.42  0.44 1.00/0.71/1.00 1.00 1.00 0.96   0
...................   0.24  0.16 1.00/0.76/1.00 1.00 1.00 0.82   0
..... 52  .. 66  ...........................   7.67  1.61 0.95/0.17/1.34 1.00 0.99 1.06   0
.................   0.22  0.16 1.00/0.78/1.00 1.00 1.00 0.82   0
........ 67  ........................................   0.19  0.17 1.00/0.81/1.00 1.00 1.00 0.82   0
.....   0.36  0.42 1.00/0.75/1.00 1.00 1.00 0.96   0
.... 68  .......   4.90  0.77 0.97/0.27/1.03 1.00 1.00 1.00   0
...   8.77  0.81 0.87/0.18/1.00 1.00 0.99 0.98   0
........ 53  . 12  .............   0.15  0.16 1.00/0.85/1.00 1.00 1.00 0.82   0
..... 69  . 28  ..[mcl] new tab created
. 20  ....[mcl] pid 59206
 ite -------------------  chaos  time hom(avg,lo,hi) m-ie m-ex i-ex fmv
  1  ...................................   0.10  0.17 1.00/0.90/1.00 1.00 1.00 0.82   0
........... 70  .............................   2.25  0.28 1.00/0.41/2.68 1.01 1.01 1.01   0
........   0.29  0.49 1.00/0.80/1.00 1.00 1.00 0.96   0
.........   0.07  0.17 1.00/0.93/1.00 1.00 1.00 0.82   0
.  2  ....... 71  ...... 54  ............................................   0.04  0.16 1.00/0.96/1.00 1.00 1.00 0.82   0
.........   2.88  0.24 1.00/0.61/1.90 1.00 1.00 1.02   0
.. 72  ...............  3  ... 4M
   9.15  0.72 0.92/0.23/1.00 1.00 0.87 0.85   0
..............   4.90  0.76 0.97/0.24/1.00 1.00 1.00 1.00   0
.............   0.02  0.16 1.00/0.98/1.00 1.00 1.00 0.82   0
.......... 73  ....   0.21  0.44 1.00/0.86/1.00 1.00 1.00 0.96   0
... 29  .............   3.26  0.23 1.00/0.51/2.11 1.00 1.00 1.02   0
....... 21  .. 55  ....  4  .....   0.01  0.17 1.00/0.99/1.00 1.00 1.00 0.82   0
.......... 74  ....................................................   0.00  0.16 1.00/1.00/1.00 1.00 1.00 0.82   0
.......   3.68  0.25 0.99/0.44/1.38 1.00 1.00 1.02   0
....... 75  .   7.64  1.48 0.94/0.18/1.38 1.00 0.99 1.06   0
.........  5  ..................................   0.14  0.46 1.00/0.91/1.00 1.00 1.00 0.96   0
......   0.00  0.17 1.00/1.00/1.00 1.00 1.00 0.82   0
.........   8.14  0.65 0.95/0.28/1.00 1.00 0.99 0.84   0
. 76  ............   3.96  0.22 0.99/0.38/1.68 1.00 1.00 1.02   0
 56  ...............  6  ....... 30  ....   0.00  0.17 1.00/1.00/1.00 1.00 1.00 0.82   0
.....   4.62  0.75 0.97/0.22/1.00 1.00 1.00 1.00   0
...... 13  .............................   4.59  0.27 0.99/0.36/1.19 1.00 1.00 1.02   0
. 22  .........  7  ..   0.06  0.42 1.00/0.95/1.00 1.00 1.00 0.96   0
........................ 57  ...................   5.27  0.23 0.99/0.29/1.14 1.00 1.00 1.02   0
........   6.00  0.58 0.97/0.20/1.00 1.00 0.97 0.82   0
....  8  .................... 31  .........................   5.92  0.26 0.99/0.22/1.43 1.00 1.00 1.02   0
......   0.03  0.47 1.00/0.97/1.00 1.00 1.00 0.96   0
....  9  .....   4.61  0.73 0.97/0.22/1.00 1.00 1.00 1.00   0
..... 58  ................................   6.43  0.23 0.99/0.19/1.07 1.00 1.00 1.02   0
.. 23  ......... 10  ..............   7.18  0.60 0.99/0.17/1.00 1.00 0.98 0.80   0
... 5M
......................   0.01  0.43 1.00/0.99/1.00 1.00 1.00 0.96   0
..... 32  .....   6.64  0.25 0.99/0.22/1.00 1.00 1.00 1.01   0
...... 59  ... 11  ...   7.22  1.59 0.92/0.20/1.53 1.00 1.00 1.05   0
...............................................   5.82  0.24 0.99/0.28/1.01 1.00 1.00 1.01   0
........... 12  ..   5.40  0.73 0.98/0.18/1.00 1.00 0.99 0.98   0
......   5.17  0.47 0.99/0.19/1.00 1.00 0.50 0.40   0
............ 33  .   0.00  0.47 1.00/1.00/1.00 1.00 1.00 0.96   0
.... 14  ................. 24     4.73  0.24 0.99/0.27/1.11 1.00 1.00 1.01   0
.... 60  ...[mcl] jury pruning marks: <100,99,99>, out of 100
[mcl] jury pruning synopsis: <99.6 or perfect> (cf -scheme, -do log)
..[mcl] output is in out.input_Actinobacillus_pleuropneumoniae.txt.I12
.[mcl] 2692 clusters found
[mcl] output is in out.input_Actinobacillus_pleuropneumoniae.txt.I12

Please cite:
    Stijn van Dongen, Graph Clustering by Flow Simulation.  PhD thesis,
    University of Utrecht, May 2000.
       (  http://www.library.uu.nl/digiarchief/dip/diss/1895620/full.pdf
       or  http://micans.org/mcl/lit/svdthesis.pdf.gz)
OR
    Stijn van Dongen, A cluster algorithm for graphs. Technical
    Report INS-R0010, National Research Institute for Mathematics
    and Computer Science in the Netherlands, Amsterdam, May 2000.
       (  http://www.cwi.nl/ftp/CWIreports/INS/INS-R0010.ps.Z
       or  http://micans.org/mcl/lit/INS-R0010.ps.Z)

....... 13  ....   5.42  0.21 1.00/0.26/1.00 1.00 0.99 0.39   0
.................. 34  .......................................   4.38  0.24 0.99/0.29/1.00 1.00 1.00 1.01   0
.................   5.30  0.20 1.00/0.27/1.00 1.00 0.99 0.39   0
 14  ...........   0.00  0.43 1.00/1.00/1.00 1.00 1.00 0.96   0
..... 35  ....................... 61  ................   4.04  0.22 0.99/0.24/1.00 1.00 1.00 1.01   0
..............   4.13  0.20 1.00/0.18/1.00 1.00 0.96 0.37   0
....   5.84  0.71 0.98/0.15/1.00 1.00 0.99 0.98   0
 15  ......... 36  ....................................... 25  .............   4.29  0.20 1.00/0.15/1.00 1.00 1.00 0.37   0
..   3.66  0.26 0.98/0.23/1.00 1.00 1.00 1.01   0
..........   0.00  0.45 1.00/1.00/1.00 1.00 1.00 0.96   0
. 37   16  ...............[mcl] jury pruning marks: <100,99,99>, out of 100
[mcl] jury pruning synopsis: <99.6 or perfect> (cf -scheme, -do log)
...[mcl] output is in out.input_Borrelia_burgdorferi.txt.I12
.[mcl] 1666 clusters found
[mcl] output is in out.input_Borrelia_burgdorferi.txt.I12
.
Please cite:
    Stijn van Dongen, Graph Clustering by Flow Simulation.  PhD thesis,
    University of Utrecht, May 2000.
       (  http://www.library.uu.nl/digiarchief/dip/diss/1895620/full.pdf
       or  http://micans.org/mcl/lit/svdthesis.pdf.gz)
OR
    Stijn van Dongen, A cluster algorithm for graphs. Technical
    Report INS-R0010, National Research Institute for Mathematics
    and Computer Science in the Netherlands, Amsterdam, May 2000.
       (  http://www.cwi.nl/ftp/CWIreports/INS/INS-R0010.ps.Z
       or  http://micans.org/mcl/lit/INS-R0010.ps.Z)

..................................   5.46  0.21 1.00/0.16/1.00 1.00 1.00 0.37   0
......   4.02  0.22 0.98/0.26/1.00 1.00 1.00 1.01   0
....... 38  .. 17  ........   6.55  1.46 0.90/0.18/1.29 1.00 1.00 1.05   0
........................................ 6M
.....   6.48  0.20 1.00/0.22/1.00 1.00 1.00 0.37   0
....   3.73  0.20 0.98/0.32/1.00 1.00 1.00 1.01   0
......   5.62  0.69 0.98/0.15/1.00 1.00 1.00 0.97   0
.. 39   18  ........................................... 15  ...   6.67  0.19 1.00/0.35/1.00 1.00 1.00 0.37   0
... 26     4.08  0.20 0.98/0.30/1.00 1.00 1.00 1.00   0
...... 40  ... 19  ...................................................   5.44  0.20 1.00/0.54/1.00 1.00 1.00 0.37   0
........   4.79  0.21 0.99/0.29/1.00 1.00 1.00 1.00   0
..... 41  .. 20  ...................................................   3.26  0.20 1.00/0.75/1.00 1.00 1.00 0.37   0
... 1M
....   4.68  0.20 0.99/0.27/1.00 1.00 1.00 1.00   0
..... 42  ... 21  .............................   6.27  0.75 0.99/0.16/1.00 1.00 0.99 0.97   0
.......................   1.40  0.20 1.00/0.73/1.00 1.00 1.00 0.37   0
....   4.13  0.20 0.99/0.22/1.19 1.00 1.00 1.00   0
.... 43  .... 22  ....... 27  .........................................   0.44  0.19 1.00/0.70/1.00 1.00 1.00 0.37   0
.......   3.58  0.20 0.99/0.20/1.00 1.00 1.00 1.00   0
...... 44  .... 23  .....................................................   0.41  0.21 1.00/0.67/1.00 1.00 1.00 0.37   0
....   4.11  0.20 0.99/0.21/1.04 1.00 1.00 1.00   0
....... 45  .... 24  ..............   5.94  1.58 0.88/0.18/1.73 1.00 1.00 1.04   0
....................................   0.42  0.19 1.00/0.67/1.00 1.00 1.00 0.37   0
.......   6.75  0.72 0.99/0.15/1.00 1.00 1.00 0.97   0
   4.49  0.20 0.99/0.21/1.00 1.00 1.00 0.99   0
.... 1M
. 46  .. 25  .................................. 28  ...........   0.40  0.20 1.00/0.68/1.00 1.00 1.00 0.37   0
... 16  ...   4.20  0.20 0.99/0.22/1.00 1.00 1.00 0.99   0
... 7M
... 47  .. 26  ...................................................   0.35  0.20 1.00/0.72/1.00 1.00 1.00 0.37   0
........   4.22  0.19 0.99/0.23/1.00 1.00 1.00 0.99   0
..... 48  ... 27  ..................................................   0.29  0.20 1.00/0.78/1.00 1.00 1.00 0.37   0
......   3.96  0.20 1.00/0.29/1.00 1.00 1.00 0.99   0
........ 49  .. 28  ...........   6.12  0.74 0.99/0.17/1.00 1.00 1.00 0.96   0
..................................   0.21  0.20 1.00/0.81/1.00 1.00 1.00 0.37   0
.....   3.87  0.20 1.00/0.25/1.00 1.00 0.99 0.98   0
... 29  . 2M
 50  ... 29  .....................................................   0.15  0.20 1.00/0.83/1.00 1.00 1.00 0.37   0
....   3.09  0.20 1.00/0.25/1.00 1.00 1.00 0.98   0
...... 51  .... 30  ...................................................   0.14  0.19 1.00/0.84/1.00 1.00 1.00 0.37   0
......   3.20  0.19 1.00/0.30/1.00 1.00 1.00 0.97   0
.......   5.51  1.45 0.86/0.17/1.64 1.00 1.00 1.04   0
. 52  . 31  ..........................................   6.40  0.73 1.00/0.25/1.00 1.00 0.99 0.96   0
..........   0.12  0.19 1.00/0.86/1.00 1.00 1.00 0.37   0
....   3.19  0.19 1.00/0.40/1.00 1.00 1.00 0.97   0
.... 53   32  ..................... 30  ......... 17  ....................   0.09  0.20 1.00/0.89/1.00 1.00 1.00 0.37   0
..   2.67  0.20 1.00/0.48/1.00 1.00 1.00 0.97   0
........ 54   33  ..........................................................   1.78  0.19 1.00/0.49/1.00 1.00 1.00 0.97   0
.   0.06  0.20 1.00/0.92/1.00 1.00 1.00 0.37   0
.... 2M
.... 34   55  ............................ 8M
............................   0.95  0.19 1.00/0.52/1.00 1.00 1.00 0.97   0
.   0.04  0.20 1.00/0.95/1.00 1.00 1.00 0.37   0
.......... 35     6.26  0.72 1.00/0.39/1.00 1.00 0.96 0.92   0
 56  ..................................................   0.99  0.20 1.00/0.51/1.00 1.00 1.00 0.97   0
.. 31     0.02  0.19 1.00/0.97/1.00 1.00 1.00 0.37   0
........ 36  .. 57  ......................................................   0.97  0.19 1.00/0.53/1.00 1.00 1.00 0.97   0
...   0.01  0.20 1.00/0.99/1.00 1.00 1.00 0.37   0
........ 37  .. 58  .................................. 3M
....................   0.89  0.19 1.00/0.58/1.00 1.00 1.00 0.97   0
.......   0.00  0.20 1.00/0.99/1.00 1.00 1.00 0.37   0
.   5.68  1.47 0.84/0.17/1.30 1.00 1.00 1.04   0
... 38  ...... 59  ........   4.76  0.66 1.00/0.41/1.00 1.00 1.00 0.91   0
....................................   0.73  0.19 1.00/0.67/1.00 1.00 1.00 0.97   0
......   0.00  0.20 1.00/1.00/1.00 1.00 1.00 0.37   0
... 32   39  ...... 60  .................. 18  ............................   0.54  0.19 1.00/0.76/1.00 1.00 1.00 0.97   0
........   0.00  0.19 1.00/1.00/1.00 1.00 1.00 0.37   0
..... 40  .......................................   0.31  0.19 1.00/0.76/1.00 1.00 1.00 0.97   0
......... 41  ..............   2.64  0.62 1.00/0.39/1.00 1.00 1.00 0.91   0
.......................   0.22  0.21 1.00/0.78/1.00 1.00 1.00 0.97   0
.... 33   42  . 3M
........................................   0.19  0.19 1.00/0.81/1.00 1.00 1.00 0.97   0
....... 43  .... 9M
.....................................   0.15  0.20 1.00/0.84/1.00 1.00 1.00 0.97   0
........ 44  ......   1.49  0.57 1.00/0.41/1.00 1.00 0.99 0.90   0
...............................   0.16  0.19 1.00/0.84/1.00 1.00 1.00 0.97   0
... 34  .... 45  .......   5.79  1.55 0.82/0.15/1.00 1.00 1.00 1.03   0
................................   0.17  0.19 1.00/0.83/1.00 1.00 1.00 0.97   0
........ 46  ........... 4M
..................... 19  .....   0.16  0.19 1.00/0.82/1.00 1.00 1.00 0.97   0
.......... 47  ..   1.48  0.60 1.00/0.47/1.01 1.00 1.00 0.90   0
................................   0.15  0.20 1.00/0.83/1.00 1.00 1.00 0.97   0
. 35  ...... 48  .......................................   0.13  0.19 1.00/0.85/1.00 1.00 1.00 0.97   0
........ 49  ..........................................   0.11  0.19 1.00/0.87/1.00 1.00 1.00 0.97   0
....   1.30  0.56 1.00/0.57/1.03 1.00 1.00 0.90   0
... 50  .......... 4M
.................. 36  ......   0.08  0.20 1.00/0.90/1.00 1.00 1.00 0.97   0
......... 51  ............................. 10M
...........   0.05  0.19 1.00/0.94/1.00 1.00 1.00 0.97   0
........ 52  ....................   7.57  1.55 0.80/0.15/1.00 1.00 1.00 1.03   0
........
............   0.03  0.20 1.00/0.96/1.00 1.00 1.00 0.97   0
...   0.99  0.59 1.00/0.54/1.00 1.00 1.00 0.90   0
.. 53  ..................... 37  ........   0.02  0.20 1.00/0.98/1.00 1.00 1.00 0.97   0
.. 20  .. 54  .....................................   0.01  0.19 1.00/0.99/1.00 1.00 1.00 0.97   0
...... 55  .. 5M
.........[mcl] jury pruning marks: <100,99,99>, out of 100
[mcl] jury pruning synopsis: <99.6 or perfect> (cf -scheme, -do log)
...[mcl] output is in out.input_Bifidobacterium_breve.txt.I12
..[mcl] 3441 clusters found
[mcl] output is in out.input_Bifidobacterium_breve.txt.I12
...
Please cite:
    Stijn van Dongen, Graph Clustering by Flow Simulation.  PhD thesis,
    University of Utrecht, May 2000.
       (  http://www.library.uu.nl/digiarchief/dip/diss/1895620/full.pdf
       or  http://micans.org/mcl/lit/svdthesis.pdf.gz)
OR
    Stijn van Dongen, A cluster algorithm for graphs. Technical
    Report INS-R0010, National Research Institute for Mathematics
    and Computer Science in the Netherlands, Amsterdam, May 2000.
       (  http://www.cwi.nl/ftp/CWIreports/INS/INS-R0010.ps.Z
       or  http://micans.org/mcl/lit/INS-R0010.ps.Z)

...............   1.60  0.60 1.00/0.21/1.00 1.00 1.00 0.90   0
....   0.00  0.19 1.00/1.00/1.00 1.00 1.00 0.97   0
....... 56  ................... 38  ..............   0.00  0.20 1.00/1.00/1.00 1.00 1.00 0.97   0
......[mcl] new tab created
... 57  ...................................[mcl] pid 63450
... ite -------------------  chaos  time hom(avg,lo,hi) m-ie m-ex i-ex fmv
  1  ..   0.00  0.20 1.00/1.00/1.00 1.00 1.00 0.97   0
....... 58  ............................ 5M
.............   0.00  0.20 1.00/1.00/1.00 1.00 1.00 0.97   0
   1.11  0.64 1.00/0.36/1.00 1.00 1.00 0.90   0
................... 39  ......   9.35  1.60 0.79/0.17/1.03 1.00 1.00 1.03   0
...........................[mcl] jury pruning marks: <100,99,99>, out of 100
[mcl] jury pruning synopsis: <99.6 or perfect> (cf -scheme, -do log)
..[mcl] output is in out.input_Bifidobacterium_bifidum.txt.I12
[mcl] 2716 clusters found
[mcl] output is in out.input_Bifidobacterium_bifidum.txt.I12
.
Please cite:
    Stijn van Dongen, Graph Clustering by Flow Simulation.  PhD thesis,
    University of Utrecht, May 2000.
       (  http://www.library.uu.nl/digiarchief/dip/diss/1895620/full.pdf
       or  http://micans.org/mcl/lit/svdthesis.pdf.gz)
OR
    Stijn van Dongen, A cluster algorithm for graphs. Technical
    Report INS-R0010, National Research Institute for Mathematics
    and Computer Science in the Netherlands, Amsterdam, May 2000.
       (  http://www.cwi.nl/ftp/CWIreports/INS/INS-R0010.ps.Z
       or  http://micans.org/mcl/lit/INS-R0010.ps.Z)

............ 21  ...................   0.94  0.61 1.00/0.53/1.00 1.00 1.00 0.90   0
.................... 40  ................................... 6M
............... 1M
...............................   1.16  0.62 1.00/0.51/1.00 1.00 1.00 0.90   0
..................... 41  ........
......................[mcl] new tab created
.....[mcl] pid 64816
 ite -------------------  chaos  time hom(avg,lo,hi) m-ie m-ex i-ex fmv
  1  ................   9.81  1.58 0.78/0.15/1.10 1.00 1.00 1.02   0
.... 6M
..................................   1.43  0.66 1.00/0.40/1.00 1.00 1.00 0.90   0
......   9.10  0.40 1.00/0.09/2.74 1.02 1.02 1.02   0
......  2   22  ..... 42  ............................... 1M
.........................  28.53  0.41 1.00/0.26/1.74 1.08 1.05 1.07   0
..............  3  ..............................   1.74  0.68 1.00/0.33/1.00 1.00 1.00 0.90   0
.......................... 43  ...  40.31  0.45 0.99/0.18/1.94 1.12 1.02 1.10   0
.. 7M
............  4  ........................................................................  44.92  0.46 0.99/0.15/1.61 1.10 1.01 1.11   0
   2.07  0.63 1.00/0.29/1.00 1.00 1.00 0.90   0
...   8.68  1.57 0.78/0.15/1.00 1.00 0.99 1.01   0
.......  5  .......... 44  .................. 7M
.............. 23  .......................  38.68  0.49 0.99/0.15/1.42 1.10 1.00 1.11   0
...............  6  ................   2.36  0.63 1.00/0.30/1.00 1.00 1.00 0.90   0
...... 2M
......................... 45  ............  10.25  5.65 1.01/0.27/5.82 1.02 1.02 1.02   0
......  33.02  0.43 0.99/0.20/1.06 1.09 1.00 1.11   0
..............  7  ..........................................................   2.50  0.63 1.00/0.36/1.00 1.00 1.00 0.90   0
........  37.00  0.47 0.99/0.19/1.22 1.09 1.00 1.11   0
...... 8M
...   6.89  1.43 0.79/0.15/1.00 1.00 0.99 1.00   0
 46  ...  8  ....................  2  ............................. 24  ...................  34.40  0.51 0.99/0.19/1.00 1.09 1.00 1.10   0
.............   2.34  0.63 1.00/0.47/1.00 1.00 1.00 0.90   0
  9  ......... 8M
................ 47  ....................................  27.29  0.43 0.99/0.13/1.00 1.09 0.99 1.10   0
............ 10  .................. 3M
......................   1.84  0.62 1.00/0.62/1.00 1.00 1.00 0.90   0
....................... 48    20.84  0.46 0.99/0.09/1.03 1.08 0.99 1.09   0
............... 11  ..................   7.34  1.54 0.81/0.15/1.08 1.00 0.99 0.99   0
................................................  23.04  0.48 0.99/0.13/1.00 1.08 0.99 1.07   0
... 25  .....   1.17  0.67 1.00/0.77/1.00 1.00 1.00 0.90   0
. 9M
.. 12  ..................... 49  ......................................  22.64  0.40 0.99/0.22/1.00 1.07 0.99 1.06   0
........... 13  ....................... 9M
...................   0.58  0.63 1.00/0.82/1.00 1.00 1.00 0.90   0
...................  16.42  0.43 0.99/0.27/1.07 1.06 0.99 1.05   0
... 50  .......... 14  ........................ 4M
.................   7.12  1.39 0.84/0.14/1.19 1.00 0.98 0.97   0
...........................  12.64  0.44 0.99/0.14/1.00 1.05 0.99 1.04   0
...........   0.23  0.64 1.00/0.81/1.00 1.00 1.00 0.90   0
. 15  ....... 26  .................... 51  ..........................  14.06  0.38 0.99/0.18/1.00 1.03 0.99 1.04   0
............ 16  ............................. 10M
...[mcl] jury pruning marks: <100,99,99>, out of 100
[mcl] jury pruning synopsis: <99.6 or perfect> (cf -scheme, -do log)
...[mcl] output is in out.input_Actinomyces_naeslundii.txt.I12
[mcl] 3560 clusters found
[mcl] output is in out.input_Actinomyces_naeslundii.txt.I12

Please cite:
    Stijn van Dongen, Graph Clustering by Flow Simulation.  PhD thesis,
    University of Utrecht, May 2000.
       (  http://www.library.uu.nl/digiarchief/dip/diss/1895620/full.pdf
       or  http://micans.org/mcl/lit/svdthesis.pdf.gz)
OR
    Stijn van Dongen, A cluster algorithm for graphs. Technical
    Report INS-R0010, National Research Institute for Mathematics
    and Computer Science in the Netherlands, Amsterdam, May 2000.
       (  http://www.cwi.nl/ftp/CWIreports/INS/INS-R0010.ps.Z
       or  http://micans.org/mcl/lit/INS-R0010.ps.Z)

..........................   0.18  0.68 1.00/0.81/1.00 1.00 1.00 0.90   0
.....  13.37  0.41 0.99/0.18/1.00 1.02 0.99 1.03   0
........... 17  ........ 52  ................................................. 10M
...............  13.00  0.40 0.99/0.16/1.00 1.02 1.00 1.03   0
..............   6.85  1.43 0.87/0.14/1.00 1.00 0.97 0.94   0
...... 18  ....  11.80  5.43 1.00/0.37/3.29 1.01 1.01 1.03   0
.........................   0.20  0.64 1.00/0.82/1.00 1.00 1.00 0.90   0
.......................... 27    13.81  0.36 0.99/0.26/1.00 1.01 0.99 1.02   0
. 5M
... 53  .......... 19  ..................................................................  12.27  0.36 0.99/0.39/1.00 1.01 0.99 1.01   0
.............  3   20  ...........   0.21  0.63 1.00/0.80/1.00 1.00 1.00 0.90   0
.................................. 54  ........
......   7.18  0.33 0.99/0.29/1.00 1.01 1.00 1.01   0
............ 21  ......... 1M
...................................................   7.32  1.41 0.90/0.14/1.00 1.00 0.96 0.90   0
.   7.29  0.36 0.99/0.22/1.00 1.00 1.00 1.01   0
..........   0.22  0.63 1.00/0.79/1.00 1.00 1.00 0.90   0
. 22  ........................ 11M
 55  ......... 28  ...............   3.52  0.35 0.99/0.20/1.00 1.00 1.00 1.00   0
............ 23  ...................................................[mcl] new tab created
. 6M
.....   4.11  0.36 1.00/0.22/1.00 1.00 1.00 1.00   0
.   0.21  0.64 1.00/0.78/1.00 1.00 1.00 0.90   0
......... 24  ..........[mcl] pid 59002
. ite -------------------  chaos  time hom(avg,lo,hi) m-ie m-ex i-ex fmv
  1  ... 56  .........................................   4.49  0.36 1.00/0.30/1.00 1.00 1.00 1.00   0
............... 25  ...............................   7.74  1.34 0.93/0.15/1.00 1.00 0.95 0.86   0
..............   0.22  0.63 1.00/0.80/1.00 1.00 1.00 0.90   0
.........   4.20  0.34 1.00/0.44/1.00 1.00 1.00 1.00   0
.......... 26   57  ...... 2M
.... 29  ..................................................   3.13  0.39 1.00/0.45/1.00 1.00 1.00 1.00   0
............ 27  ........................   0.23  0.64 1.00/0.78/1.00 1.00 1.00 0.90   0
............ 12M
...............   1.77  0.33 1.00/0.40/1.00 1.00 1.00 1.00   0
. 58  .......... 28  ......................................................   7.09  1.17 0.95/0.14/1.05 1.00 0.93 0.80   0
... 7M
.......   1.43  0.38 1.00/0.39/1.00 1.00 1.00 0.99   0
............ 29  ........   0.23  0.64 1.00/0.77/1.00 1.00 1.00 0.90   0
............ 30  .............. 59  ............   1.50  0.34 1.00/0.42/1.12 1.00 1.00 0.99   0
.............. 30  ...........