.................................................. 1M
.................................................. 2M
.................................................. 3M
.................................................. 4M
.................................................. 5M
.................................................. 6M
.................................................. 7M
.................................................. 8M
..........
[mcl] new tab created
[mcl] pid 93138
 ite -------------------  chaos  time hom(avg,lo,hi) m-ie m-ex i-ex fmv
  1  ...................   6.27  3.52 1.01/0.35/4.23 1.03 1.03 1.03   0
  2  ...................  14.85  3.60 1.00/0.41/2.72 1.01 1.01 1.04   0
  3  ...................  15.41  3.38 0.99/0.41/2.93 1.00 1.00 1.04   0
  4  ...................  11.19  3.64 0.99/0.29/1.98 1.00 1.00 1.04   0
  5  ...................   7.13  3.38 0.99/0.28/1.92 1.00 1.00 1.04   0
  6  ...................   7.73  3.62 0.99/0.27/1.92 1.00 1.00 1.04   0
  7  ...................   8.24  3.41 0.99/0.27/2.04 1.00 1.00 1.03   0
  8  ...................   8.70  3.60 0.98/0.27/1.57 1.00 1.00 1.03   0
  9  ...................   9.00  3.32 0.98/0.26/1.21 1.00 1.00 1.03   0
 10  ...................   8.98  3.58 0.98/0.27/1.62 1.00 1.00 1.03   0
 11  ...................   8.32  3.30 0.97/0.25/1.24 1.00 1.00 1.02   0
 12  ...................   6.46  3.61 0.97/0.21/1.04 1.00 1.00 1.02   0
 13  ...................   6.27  3.27 0.96/0.17/1.07 1.00 1.00 1.02   0
 14  ...................   6.92  3.29 0.95/0.17/1.45 1.00 1.00 1.02   0
 15  ...................   6.59  3.49 0.94/0.15/1.14 1.00 1.00 1.01   0
 16  ...................   7.11  3.51 0.93/0.16/1.00 1.00 1.00 1.01   0
 17  ...................   6.45  3.25 0.92/0.13/1.00 1.00 1.00 1.01   0
 18  ...................   6.74  3.26 0.91/0.14/1.00 1.00 1.00 1.01   0
 19  ...................   8.03  3.24 0.90/0.11/1.00 1.00 1.00 1.01   0
 20  ...................   8.40  3.24 0.89/0.12/1.00 1.00 1.00 1.01   0
 21  ...................   9.19  3.59 0.89/0.11/1.07 1.00 1.00 1.01   0
 22  ...................   9.67  3.25 0.89/0.11/1.00 1.00 1.00 1.00   0
 23  ...................  10.34  3.21 0.89/0.10/1.00 1.00 1.00 1.00   0
 24  ...................  10.60  3.46 0.90/0.11/1.00 1.00 1.00 1.00   0
 25  ...................  10.86  3.20 0.91/0.11/1.00 1.00 0.99 0.99   0
 26  ...................  10.48  3.40 0.92/0.12/1.00 1.00 0.98 0.97   0
 27  ...................  10.99  3.06 0.93/0.11/1.00 1.00 0.96 0.94   0
 28  ...................   9.87  3.18 0.95/0.10/1.00 1.00 0.97 0.91   0
 29  ...................  10.27  2.88 0.96/0.12/1.00 1.00 0.98 0.90   0
 30  ...................  11.10  3.06 0.97/0.10/1.00 1.00 0.98 0.88   0
 31  ...................  11.18  3.00 0.98/0.13/1.00 1.00 0.99 0.88   0
 32  ...................  10.71  2.80 0.99/0.20/1.00 1.00 0.97 0.85   0
 33  ...................  10.60  2.85 0.99/0.28/1.00 1.00 0.94 0.81   0
 34  ...................   7.67  2.57 1.00/0.31/1.00 1.00 0.97 0.78   0
 35  ...................   3.85  2.62 1.00/0.36/1.00 1.00 0.98 0.77   0
 36  ...................   2.81  2.43 1.00/0.27/1.00 1.00 1.00 0.77   0
 37  ...................   3.75  2.58 1.00/0.16/1.00 1.00 1.00 0.77   0
 38  ...................   5.11  2.42 1.00/0.12/1.00 1.00 1.00 0.77   0
 39  ...................   6.90  2.41 1.00/0.11/1.00 1.00 1.00 0.77   0
 40  ...................   8.90  2.42 1.00/0.15/1.00 1.00 1.00 0.77   0
 41  ...................  10.20  2.57 1.00/0.25/1.00 1.00 1.00 0.77   0
 42  ...................   9.36  2.60 1.00/0.44/1.00 1.00 1.00 0.76   0
 43  ...................   6.17  2.58 1.00/0.44/1.00 1.00 1.00 0.76   0
 44  ...................   2.79  2.40 1.00/0.42/1.00 1.00 1.00 0.76   0
 45  ...................   1.47  2.58 1.00/0.42/1.00 1.00 1.00 0.76   0
 46  ...................   1.49  2.40 1.00/0.47/1.00 1.00 1.00 0.76   0
 47  ...................   1.37  2.57 1.00/0.50/1.00 1.00 1.00 0.76   0
 48  ...................   1.32  2.57 1.00/0.41/1.00 1.00 1.00 0.76   0
 49  ...................   1.57  2.39 1.00/0.35/1.00 1.00 1.00 0.76   0
 50  ...................   1.81  2.40 1.00/0.33/1.00 1.00 1.00 0.76   0
 51  ...................   1.98  2.38 1.00/0.36/1.00 1.00 1.00 0.76   0
 52  ...................   1.97  2.58 1.00/0.43/1.00 1.00 1.00 0.76   0
 53  ...................   1.72  2.38 1.00/0.43/1.00 1.00 1.00 0.76   0
 54  ...................   1.26  2.58 1.00/0.45/1.00 1.00 1.00 0.76   0
 55  ...................   1.21  2.56 1.00/0.51/1.00 1.00 1.00 0.76   0
 56  ...................   1.04  2.56 1.00/0.60/1.00 1.00 1.00 0.76   0
 57  ...................   0.77  2.57 1.00/0.72/1.00 1.00 1.00 0.76   0
 58  ...................   0.48  2.56 1.00/0.83/1.00 1.00 1.00 0.76   0
 59  ...................   0.24  2.39 1.00/0.89/1.00 1.00 1.00 0.76   0
 60  ...................   0.10  2.56 1.00/0.94/1.00 1.00 1.00 0.76   0
 61  ...................   0.04  2.38 1.00/0.97/1.00 1.00 1.00 0.76   0
 62  ...................   0.02  2.39 1.00/0.99/1.00 1.00 1.00 0.76   0
 63  ...................   0.01  2.58 1.00/0.99/1.00 1.00 1.00 0.76   0
 64  ...................   0.01  2.57 1.00/1.00/1.00 1.00 1.00 0.76   0
 65  ...................   0.01  2.38 1.00/1.00/1.00 1.00 1.00 0.76   0
 66  ...................   0.02  2.39 1.00/1.00/1.00 1.00 1.00 0.76   0
 67  ...................   0.02  2.55 1.00/1.00/1.00 1.00 1.00 0.76   0
 68  ...................   0.02  2.57 1.00/1.00/1.00 1.00 1.00 0.76   0
 69  ...................   0.03  2.38 1.00/1.00/1.00 1.00 1.00 0.76   0
 70  ...................   0.03  2.56 1.00/1.00/1.00 1.00 1.00 0.76   0
 71  ...................   0.04  2.39 1.00/1.00/1.00 1.00 1.00 0.76   0
 72  ...................   0.04  2.39 1.00/0.99/1.00 1.00 1.00 0.76   0
 73  ...................   0.05  2.56 1.00/0.99/1.00 1.00 1.00 0.76   0
 74  ...................   0.06  2.55 1.00/0.99/1.00 1.00 1.00 0.76   0
 75  ...................   0.07  2.37 1.00/0.98/1.00 1.00 1.00 0.76   0
 76  ...................   0.09  2.57 1.00/0.97/1.00 1.00 1.00 0.76   0
 77  ...................   0.10  2.38 1.00/0.96/1.00 1.00 1.00 0.76   0
 78  ...................   0.12  2.58 1.00/0.95/1.00 1.00 1.00 0.76   0
 79  ...................   0.14  2.55 1.00/0.93/1.00 1.00 1.00 0.76   0
 80  ...................   0.16  2.40 1.00/0.91/1.00 1.00 1.00 0.76   0
 81  ...................   0.18  2.38 1.00/0.88/1.00 1.00 1.00 0.76   0
 82  ..............slurmstepd: *** JOB 8416425 ON c559-404 CANCELLED AT 2017-04-11T15:45:50 DUE TO TIME LIMIT ***
[c559-404.stampede.tacc.utexas.edu:mpirun_rsh][signal_processor] Caught signal 15, killing job
