Traceback (most recent call last):
  File "get_core.py", line 120, in <module>
    p.map(getCore,species)
  File "/usr/lib64/python2.6/multiprocessing/pool.py", line 148, in map
    return self.map_async(func, iterable, chunksize).get()
  File "/usr/lib64/python2.6/multiprocessing/pool.py", line 422, in get
    raise self._value
IOError: [Errno 2] No such file or directory: '/work/03414/be4833/out/results/Corynebacterium_diphtheriae/out.input_Corynebacterium_diphtheriae.txt.I12'
Traceback (most recent call last):
  File "get_core.py", line 120, in <module>
    p.map(getCore,species)
  File "/usr/lib64/python2.6/multiprocessing/pool.py", line 148, in map
    return self.map_async(func, iterable, chunksize).get()
  File "/usr/lib64/python2.6/multiprocessing/pool.py", line 422, in get
    raise self._value
IOError: [Errno 2] No such file or directory: '/work/03414/be4833/out/results/Lactobacillus_helveticus/out.input_Lactobacillus_helveticus.txt.I12'
Traceback (most recent call last):
  File "get_core.py", line 120, in <module>
    p.map(getCore,species)
  File "/usr/lib64/python2.6/multiprocessing/pool.py", line 148, in map
    return self.map_async(func, iterable, chunksize).get()
  File "/usr/lib64/python2.6/multiprocessing/pool.py", line 422, in get
    raise self._value
IOError: [Errno 2] No such file or directory: '/work/03414/be4833/out/results/Brucella_abortus/out.input_Brucella_abortus.txt.I12'
Traceback (most recent call last):
  File "get_core.py", line 120, in <module>
    p.map(getCore,species)
  File "/usr/lib64/python2.6/multiprocessing/pool.py", line 148, in map
    return self.map_async(func, iterable, chunksize).get()
  File "/usr/lib64/python2.6/multiprocessing/pool.py", line 422, in get
    raise self._value
IOError: [Errno 2] No such file or directory: '/work/03414/be4833/out/results/Bacillus_anthracis/out.input_Bacillus_anthracis.txt.I12'
slurmstepd: *** JOB 8416520 ON c560-103 CANCELLED AT 2017-04-11T16:20:35 DUE TO TIME LIMIT ***
[c560-103.stampede.tacc.utexas.edu:mpirun_rsh][signal_processor] Caught signal 15, killing job
